<?xml version="1.0" encoding="UTF-8"?>
<!-- Generated by org.testng.reporters.JUnitReportReporter -->
<testsuite hostname="LAPTOP-113A42CI" failures="0" tests="9" name="TestCases.TE_API" time="14.961" errors="0" timestamp="2023-08-13T12:21:19 IST" skipped="0">
  <testcase classname="TestCases.TE_API" name="get" time="4.041"/>
  <testcase classname="TestCases.TE_API" name="getById" time="2.445"/>
  <testcase classname="TestCases.TE_API" name="getById" time="1.260"/>
  <testcase classname="TestCases.TE_API" name="post" time="1.464"/>
  <testcase classname="TestCases.TE_API" name="post" time="1.144"/>
  <testcase classname="TestCases.TE_API" name="put" time="1.152"/>
  <testcase classname="TestCases.TE_API" name="put" time="1.161"/>
  <testcase classname="TestCases.TE_API" name="delete" time="1.164"/>
  <testcase classname="TestCases.TE_API" name="delete" time="1.130"/>
</testsuite> <!-- TestCases.TE_API -->
